time="2025-06-30T10:09:58+02:00" level=info msg="Using docker host 'unix:///var/run/docker.sock', and daemon socket 'unix:///var/run/docker.sock'"
[Lint/Lint Python Code] ⭐ Run Set up job
[Lint/Lint Python Code] 🚀  Start image=catthehacker/ubuntu:act-latest
[Lint/Lint Python Code]   🐳  docker pull image=catthehacker/ubuntu:act-latest platform=linux/amd64 username= forcePull=true
[Lint/Lint Python Code]   🐳  docker create image=catthehacker/ubuntu:act-latest platform=linux/amd64 entrypoint=["tail" "-f" "/dev/null"] cmd=[] network="host"
[Lint/Lint Python Code]   🐳  docker run image=catthehacker/ubuntu:act-latest platform=linux/amd64 entrypoint=["tail" "-f" "/dev/null"] cmd=[] network="host"
[Lint/Lint Python Code]   🐳  docker exec cmd=[node --no-warnings -e console.log(process.execPath)] user= workdir=
[Lint/Lint Python Code]   ✅  Success - Set up job
[Lint/Lint Python Code]   ☁  git clone 'https://github.com/actions/setup-python' # ref=v5
[Lint/Lint Python Code] Non-terminating error while running 'git clone': some refs were not updated
[Lint/Lint Python Code]   ☁  git clone 'https://github.com/astral-sh/setup-uv' # ref=v6
[Lint/Lint Python Code] Non-terminating error while running 'git clone': some refs were not updated
[Lint/Lint Python Code] ⭐ Run Main Checkout code
[Lint/Lint Python Code]   ✅  Success - Main Checkout code [745.042µs]
[Lint/Lint Python Code] ⭐ Run Main Set up Python
[Lint/Lint Python Code]   🐳  docker cp src=/Users/emanuelesabetta/.cache/act/actions-setup-python@v5/ dst=/var/run/act/actions/actions-setup-python@v5/
[Lint/Lint Python Code]   🐳  docker exec cmd=[node /var/run/act/actions/actions-setup-python@v5/dist/setup/index.js] user= workdir=
[Lint/Lint Python Code]   ❓  ::group::Installed versions
[Lint/Lint Python Code]   | Successfully set up CPython (3.11.13)
[Lint/Lint Python Code]   ❓  ::endgroup::
[Lint/Lint Python Code]   ❓ add-matcher /run/act/actions/actions-setup-python@v5/.github/python.json
[Lint/Lint Python Code]   ✅  Success - Main Set up Python [1.060715375s]
[Lint/Lint Python Code]   ⚙  ::set-env:: pythonLocation=/opt/hostedtoolcache/Python/3.11.13/x64
[Lint/Lint Python Code]   ⚙  ::set-env:: PKG_CONFIG_PATH=/opt/hostedtoolcache/Python/3.11.13/x64/lib/pkgconfig
[Lint/Lint Python Code]   ⚙  ::set-env:: Python_ROOT_DIR=/opt/hostedtoolcache/Python/3.11.13/x64
[Lint/Lint Python Code]   ⚙  ::set-env:: Python2_ROOT_DIR=/opt/hostedtoolcache/Python/3.11.13/x64
[Lint/Lint Python Code]   ⚙  ::set-env:: Python3_ROOT_DIR=/opt/hostedtoolcache/Python/3.11.13/x64
[Lint/Lint Python Code]   ⚙  ::set-env:: LD_LIBRARY_PATH=/opt/hostedtoolcache/Python/3.11.13/x64/lib
[Lint/Lint Python Code]   ⚙  ::set-output:: python-version=3.11.13
[Lint/Lint Python Code]   ⚙  ::set-output:: python-path=/opt/hostedtoolcache/Python/3.11.13/x64/bin/python
[Lint/Lint Python Code]   ⚙  ::add-path:: /opt/hostedtoolcache/Python/3.11.13/x64
[Lint/Lint Python Code]   ⚙  ::add-path:: /opt/hostedtoolcache/Python/3.11.13/x64/bin
[Lint/Lint Python Code] ⭐ Run Main Install uv
[Lint/Lint Python Code]   🐳  docker cp src=/Users/emanuelesabetta/.cache/act/astral-sh-setup-uv@v6/ dst=/var/run/act/actions/astral-sh-setup-uv@v6/
[Lint/Lint Python Code]   🐳  docker exec cmd=[node /var/run/act/actions/astral-sh-setup-uv@v6/dist/setup/index.js] user= workdir=
[Lint/Lint Python Code]   | OCI runtime exec failed: exec failed: unable to start container process: exec: "node": executable file not found in $PATH: unknown
[Lint/Lint Python Code]   ❌  Failure - Main Install uv [330.297666ms]
[Lint/Lint Python Code] exitcode '127': command not found, please refer to https://github.com/nektos/act/issues/107 for more information
[Lint/Lint Python Code] ⭐ Run Complete job
[Lint/Lint Python Code]   ✅  Success - Complete job
[Lint/Lint Python Code] 🏁  Job failed
Error: Job 'Lint Python Code' failed
