uv-lock..................................................................Passed
uv-export................................................................Passed
uv-export dev-requirements...............................................Passed
Detect hardcoded secrets.................................................Passed
ruff.....................................................................Passed
ruff-format..............................................................Passed
mypy.....................................................................Passed
deptry...................................................................Passed
trim trailing whitespace.................................................Passed
fix end of files.........................................................Passed
check yaml...............................................................Passed
check for added large files..............................................Passed
check for merge conflicts................................................Passed
check toml...............................................................Passed
debug statements (python)................................................Passed
detect private key.......................................................Passed
mixed line ending........................................................Passed
check for case conflicts.................................................Passed
check docstring is first.................................................Passed
check json...............................................................Passed
pretty format json.......................................................Passed
yamllint.................................................................Passed
yamlfmt (GitHub workflows)...............................................Passed
shellcheck...............................................................Passed
actionlint...............................................................Passed
