TruffleHog Secret Scan	Run TruffleHog v3	﻿2025-07-03T10:14:13.4406919Z ##[group]Run trufflesecurity/trufflehog@main
TruffleHog Secret Scan	Run TruffleHog v3	2025-07-03T10:14:13.4408009Z with:
TruffleHog Secret Scan	Run TruffleHog v3	2025-07-03T10:14:13.4408650Z   path: ./
TruffleHog Secret Scan	Run TruffleHog v3	2025-07-03T10:14:13.4409396Z   base: 17f818f45ef2164a24f0d0fc926d313ad1318f9d
TruffleHog Secret Scan	Run TruffleHog v3	2025-07-03T10:14:13.4410499Z   head: 3f89fce5b2c4f5ba6bc9a311998564fcd7a3ed40
TruffleHog Secret Scan	Run TruffleHog v3	2025-07-03T10:14:13.4411922Z   extra_args: --fail --no-verification --exclude-detectors generic-api-key,email
TruffleHog Secret Scan	Run TruffleHog v3	2025-07-03T10:14:13.4413269Z   version: latest
TruffleHog Secret Scan	Run TruffleHog v3	2025-07-03T10:14:13.4413952Z env:
TruffleHog Secret Scan	Run TruffleHog v3	2025-07-03T10:14:13.4414578Z   PYTHON_VERSION: 3.11
TruffleHog Secret Scan	Run TruffleHog v3	2025-07-03T10:14:13.4415320Z   UV_VERSION: 0.7.13
TruffleHog Secret Scan	Run TruffleHog v3	2025-07-03T10:14:13.4416257Z   GIT_AUTHOR_NAME: Emasoft
TruffleHog Secret Scan	Run TruffleHog v3	2025-07-03T10:14:13.4417261Z   GIT_AUTHOR_EMAIL: 713559+Emasoft@users.noreply.github.com
TruffleHog Secret Scan	Run TruffleHog v3	2025-07-03T10:14:13.4418392Z   GIT_COMMITTER_NAME: Emasoft
TruffleHog Secret Scan	Run TruffleHog v3	2025-07-03T10:14:13.4419446Z   GIT_COMMITTER_EMAIL: 713559+Emasoft@users.noreply.github.com
TruffleHog Secret Scan	Run TruffleHog v3	2025-07-03T10:14:13.4420565Z ##[endgroup]
TruffleHog Secret Scan	Run TruffleHog v3	2025-07-03T10:14:13.4568480Z ##[group]Run ##########################################
TruffleHog Secret Scan	Run TruffleHog v3	2025-07-03T10:14:13.4569756Z [36;1m##########################################[0m
TruffleHog Secret Scan	Run TruffleHog v3	2025-07-03T10:14:13.4570879Z [36;1m## ADVANCED USAGE                       ##[0m
TruffleHog Secret Scan	Run TruffleHog v3	2025-07-03T10:14:13.4571974Z [36;1m## Scan by BASE & HEAD user inputs      ##[0m
TruffleHog Secret Scan	Run TruffleHog v3	2025-07-03T10:14:13.4573050Z [36;1m## If BASE == HEAD, exit with error     ##[0m
TruffleHog Secret Scan	Run TruffleHog v3	2025-07-03T10:14:13.4574080Z [36;1m##########################################[0m
TruffleHog Secret Scan	Run TruffleHog v3	2025-07-03T10:14:13.4575181Z [36;1m# Check if jq is installed, if not, install it[0m
TruffleHog Secret Scan	Run TruffleHog v3	2025-07-03T10:14:13.4576437Z [36;1mif ! command -v jq &> /dev/null[0m
TruffleHog Secret Scan	Run TruffleHog v3	2025-07-03T10:14:13.4577355Z [36;1mthen[0m
TruffleHog Secret Scan	Run TruffleHog v3	2025-07-03T10:14:13.4578171Z [36;1m  echo "jq could not be found, installing..."[0m
TruffleHog Secret Scan	Run TruffleHog v3	2025-07-03T10:14:13.4579360Z [36;1m  apt-get -y update && apt-get install -y jq[0m
TruffleHog Secret Scan	Run TruffleHog v3	2025-07-03T10:14:13.4580354Z [36;1mfi[0m
TruffleHog Secret Scan	Run TruffleHog v3	2025-07-03T10:14:13.4580987Z [36;1m[0m
TruffleHog Secret Scan	Run TruffleHog v3	2025-07-03T10:14:13.4581922Z [36;1mgit status >/dev/null  # make sure we are in a git repository[0m
TruffleHog Secret Scan	Run TruffleHog v3	2025-07-03T10:14:13.4583217Z [36;1mif [ -n "$BASE" ] || [ -n "$HEAD" ]; then[0m
TruffleHog Secret Scan	Run TruffleHog v3	2025-07-03T10:14:13.4584212Z [36;1m  if [ -n "$BASE" ]; then[0m
TruffleHog Secret Scan	Run TruffleHog v3	2025-07-03T10:14:13.4585317Z [36;1m    base_commit=$(git rev-parse "$BASE" 2>/dev/null) || true[0m
TruffleHog Secret Scan	Run TruffleHog v3	2025-07-03T10:14:13.4586547Z [36;1m  else[0m
TruffleHog Secret Scan	Run TruffleHog v3	2025-07-03T10:14:13.4587248Z [36;1m    base_commit=""[0m
TruffleHog Secret Scan	Run TruffleHog v3	2025-07-03T10:14:13.4588035Z [36;1m  fi[0m
TruffleHog Secret Scan	Run TruffleHog v3	2025-07-03T10:14:13.4588719Z [36;1m  if [ -n "$HEAD" ]; then[0m
TruffleHog Secret Scan	Run TruffleHog v3	2025-07-03T10:14:13.4589826Z [36;1m    head_commit=$(git rev-parse "$HEAD" 2>/dev/null) || true[0m
TruffleHog Secret Scan	Run TruffleHog v3	2025-07-03T10:14:13.4590952Z [36;1m  else[0m
TruffleHog Secret Scan	Run TruffleHog v3	2025-07-03T10:14:13.4591652Z [36;1m    head_commit=""[0m
TruffleHog Secret Scan	Run TruffleHog v3	2025-07-03T10:14:13.4592436Z [36;1m  fi[0m
TruffleHog Secret Scan	Run TruffleHog v3	2025-07-03T10:14:13.4593231Z [36;1m  if [ "$base_commit" == "$head_commit" ] ; then[0m
TruffleHog Secret Scan	Run TruffleHog v3	2025-07-03T10:14:13.4596090Z [36;1m    echo "::error::BASE and HEAD commits are the same. TruffleHog won't scan anything. Please see documentation (https://github.com/trufflesecurity/trufflehog#octocat-trufflehog-github-action)."[0m
TruffleHog Secret Scan	Run TruffleHog v3	2025-07-03T10:14:13.4598797Z [36;1m    exit 1[0m
TruffleHog Secret Scan	Run TruffleHog v3	2025-07-03T10:14:13.4599509Z [36;1m  fi[0m
TruffleHog Secret Scan	Run TruffleHog v3	2025-07-03T10:14:13.4600222Z [36;1m##########################################[0m
TruffleHog Secret Scan	Run TruffleHog v3	2025-07-03T10:14:13.4601250Z [36;1m## Scan commits based on event type     ##[0m
TruffleHog Secret Scan	Run TruffleHog v3	2025-07-03T10:14:13.4602284Z [36;1m##########################################[0m
TruffleHog Secret Scan	Run TruffleHog v3	2025-07-03T10:14:13.4603192Z [36;1melse[0m
TruffleHog Secret Scan	Run TruffleHog v3	2025-07-03T10:14:13.4603902Z [36;1m  if [ "push" == "push" ]; then[0m
TruffleHog Secret Scan	Run TruffleHog v3	2025-07-03T10:14:13.4604977Z [36;1m    COMMIT_LENGTH=$(printenv COMMIT_IDS | jq length)[0m
TruffleHog Secret Scan	Run TruffleHog v3	2025-07-03T10:14:13.4606281Z [36;1m    if [ $COMMIT_LENGTH == "0" ]; then[0m
TruffleHog Secret Scan	Run TruffleHog v3	2025-07-03T10:14:13.4607285Z [36;1m      echo "No commits to scan"[0m
TruffleHog Secret Scan	Run TruffleHog v3	2025-07-03T10:14:13.4608485Z [36;1m      exit 0[0m
TruffleHog Secret Scan	Run TruffleHog v3	2025-07-03T10:14:13.4609200Z [36;1m    fi[0m
TruffleHog Secret Scan	Run TruffleHog v3	2025-07-03T10:14:13.4610041Z [36;1m    HEAD=3f89fce5b2c4f5ba6bc9a311998564fcd7a3ed40[0m
TruffleHog Secret Scan	Run TruffleHog v3	2025-07-03T10:14:13.4611799Z [36;1m    if [ 17f818f45ef2164a24f0d0fc926d313ad1318f9d == "0000000000000000000000000000000000000000" ]; then[0m
TruffleHog Secret Scan	Run TruffleHog v3	2025-07-03T10:14:13.4613384Z [36;1m      BASE=""[0m
TruffleHog Secret Scan	Run TruffleHog v3	2025-07-03T10:14:13.4614349Z [36;1m    else[0m
TruffleHog Secret Scan	Run TruffleHog v3	2025-07-03T10:14:13.4615189Z [36;1m      BASE=17f818f45ef2164a24f0d0fc926d313ad1318f9d[0m
TruffleHog Secret Scan	Run TruffleHog v3	2025-07-03T10:14:13.4616495Z [36;1m    fi[0m
TruffleHog Secret Scan	Run TruffleHog v3	2025-07-03T10:14:13.4617526Z [36;1m  elif [ "push" == "workflow_dispatch" ] || [ "push" == "schedule" ]; then[0m
TruffleHog Secret Scan	Run TruffleHog v3	2025-07-03T10:14:13.4618756Z [36;1m    BASE=""[0m
TruffleHog Secret Scan	Run TruffleHog v3	2025-07-03T10:14:13.4619475Z [36;1m    HEAD=""[0m
TruffleHog Secret Scan	Run TruffleHog v3	2025-07-03T10:14:13.4620273Z [36;1m  elif [ "push" == "pull_request" ]; then[0m
TruffleHog Secret Scan	Run TruffleHog v3	2025-07-03T10:14:13.4621231Z [36;1m    BASE=[0m
TruffleHog Secret Scan	Run TruffleHog v3	2025-07-03T10:14:13.4621917Z [36;1m    HEAD=[0m
TruffleHog Secret Scan	Run TruffleHog v3	2025-07-03T10:14:13.4622631Z [36;1m  fi[0m
TruffleHog Secret Scan	Run TruffleHog v3	2025-07-03T10:14:13.4623283Z [36;1mfi[0m
TruffleHog Secret Scan	Run TruffleHog v3	2025-07-03T10:14:13.4623980Z [36;1m##########################################[0m
TruffleHog Secret Scan	Run TruffleHog v3	2025-07-03T10:14:13.4624986Z [36;1m##          Run TruffleHog              ##[0m
TruffleHog Secret Scan	Run TruffleHog v3	2025-07-03T10:14:13.4626072Z [36;1m##########################################[0m
TruffleHog Secret Scan	Run TruffleHog v3	2025-07-03T10:14:13.4627076Z [36;1mdocker run --rm -v .:/tmp -w /tmp \[0m
TruffleHog Secret Scan	Run TruffleHog v3	2025-07-03T10:14:13.4628215Z [36;1mghcr.io/trufflesecurity/trufflehog:${VERSION} \[0m
TruffleHog Secret Scan	Run TruffleHog v3	2025-07-03T10:14:13.4629301Z [36;1mgit file:///tmp/ \[0m
TruffleHog Secret Scan	Run TruffleHog v3	2025-07-03T10:14:13.4630111Z [36;1m--since-commit \[0m
TruffleHog Secret Scan	Run TruffleHog v3	2025-07-03T10:14:13.4630881Z [36;1m${BASE:-''} \[0m
TruffleHog Secret Scan	Run TruffleHog v3	2025-07-03T10:14:13.4631610Z [36;1m--branch \[0m
TruffleHog Secret Scan	Run TruffleHog v3	2025-07-03T10:14:13.4632314Z [36;1m${HEAD:-''} \[0m
TruffleHog Secret Scan	Run TruffleHog v3	2025-07-03T10:14:13.4633041Z [36;1m--fail \[0m
TruffleHog Secret Scan	Run TruffleHog v3	2025-07-03T10:14:13.4633724Z [36;1m--no-update \[0m
TruffleHog Secret Scan	Run TruffleHog v3	2025-07-03T10:14:13.4634494Z [36;1m--github-actions \[0m
TruffleHog Secret Scan	Run TruffleHog v3	2025-07-03T10:14:13.4635288Z [36;1m${ARGS:-''}[0m
TruffleHog Secret Scan	Run TruffleHog v3	2025-07-03T10:14:13.4737193Z shell: /usr/bin/bash --noprofile --norc -e -o pipefail {0}
TruffleHog Secret Scan	Run TruffleHog v3	2025-07-03T10:14:13.4738419Z env:
TruffleHog Secret Scan	Run TruffleHog v3	2025-07-03T10:14:13.4739062Z   PYTHON_VERSION: 3.11
TruffleHog Secret Scan	Run TruffleHog v3	2025-07-03T10:14:13.4739818Z   UV_VERSION: 0.7.13
TruffleHog Secret Scan	Run TruffleHog v3	2025-07-03T10:14:13.4740542Z   GIT_AUTHOR_NAME: Emasoft
TruffleHog Secret Scan	Run TruffleHog v3	2025-07-03T10:14:13.4741544Z   GIT_AUTHOR_EMAIL: 713559+Emasoft@users.noreply.github.com
TruffleHog Secret Scan	Run TruffleHog v3	2025-07-03T10:14:13.4742662Z   GIT_COMMITTER_NAME: Emasoft
TruffleHog Secret Scan	Run TruffleHog v3	2025-07-03T10:14:13.4743715Z   GIT_COMMITTER_EMAIL: 713559+Emasoft@users.noreply.github.com
TruffleHog Secret Scan	Run TruffleHog v3	2025-07-03T10:14:13.4744936Z   BASE: 17f818f45ef2164a24f0d0fc926d313ad1318f9d
TruffleHog Secret Scan	Run TruffleHog v3	2025-07-03T10:14:13.4746132Z   HEAD: 3f89fce5b2c4f5ba6bc9a311998564fcd7a3ed40
TruffleHog Secret Scan	Run TruffleHog v3	2025-07-03T10:14:13.4747453Z   ARGS: --fail --no-verification --exclude-detectors generic-api-key,email
TruffleHog Secret Scan	Run TruffleHog v3	2025-07-03T10:14:13.4748876Z   COMMIT_IDS: [
TruffleHog Secret Scan	Run TruffleHog v3	  "3f89fce5b2c4f5ba6bc9a311998564fcd7a3ed40"
TruffleHog Secret Scan	Run TruffleHog v3	]
TruffleHog Secret Scan	Run TruffleHog v3	2025-07-03T10:14:13.4749959Z   VERSION: latest
TruffleHog Secret Scan	Run TruffleHog v3	2025-07-03T10:14:13.4750629Z ##[endgroup]
TruffleHog Secret Scan	Run TruffleHog v3	2025-07-03T10:14:13.5365309Z Unable to find image 'ghcr.io/trufflesecurity/trufflehog:latest' locally
TruffleHog Secret Scan	Run TruffleHog v3	2025-07-03T10:14:14.2436987Z latest: Pulling from trufflesecurity/trufflehog
TruffleHog Secret Scan	Run TruffleHog v3	2025-07-03T10:14:14.4334163Z f18232174bc9: Pulling fs layer
TruffleHog Secret Scan	Run TruffleHog v3	2025-07-03T10:14:14.4334841Z a308771bf1d8: Pulling fs layer
TruffleHog Secret Scan	Run TruffleHog v3	2025-07-03T10:14:14.4335409Z 4f4fb700ef54: Pulling fs layer
TruffleHog Secret Scan	Run TruffleHog v3	2025-07-03T10:14:14.4335996Z be1f57adb53d: Pulling fs layer
TruffleHog Secret Scan	Run TruffleHog v3	2025-07-03T10:14:14.4336354Z 7fb20409f32b: Pulling fs layer
TruffleHog Secret Scan	Run TruffleHog v3	2025-07-03T10:14:14.4336781Z 7fb20409f32b: Waiting
TruffleHog Secret Scan	Run TruffleHog v3	2025-07-03T10:14:14.4337218Z be1f57adb53d: Waiting
TruffleHog Secret Scan	Run TruffleHog v3	2025-07-03T10:14:14.5931740Z 4f4fb700ef54: Verifying Checksum
TruffleHog Secret Scan	Run TruffleHog v3	2025-07-03T10:14:14.5932554Z 4f4fb700ef54: Download complete
TruffleHog Secret Scan	Run TruffleHog v3	2025-07-03T10:14:14.5991068Z f18232174bc9: Verifying Checksum
TruffleHog Secret Scan	Run TruffleHog v3	2025-07-03T10:14:14.5991775Z f18232174bc9: Download complete
TruffleHog Secret Scan	Run TruffleHog v3	2025-07-03T10:14:14.6283447Z a308771bf1d8: Verifying Checksum
TruffleHog Secret Scan	Run TruffleHog v3	2025-07-03T10:14:14.6284142Z a308771bf1d8: Download complete
TruffleHog Secret Scan	Run TruffleHog v3	2025-07-03T10:14:14.7058373Z f18232174bc9: Pull complete
TruffleHog Secret Scan	Run TruffleHog v3	2025-07-03T10:14:14.7547527Z 7fb20409f32b: Verifying Checksum
TruffleHog Secret Scan	Run TruffleHog v3	2025-07-03T10:14:14.7548190Z 7fb20409f32b: Download complete
TruffleHog Secret Scan	Run TruffleHog v3	2025-07-03T10:14:14.8673865Z be1f57adb53d: Verifying Checksum
TruffleHog Secret Scan	Run TruffleHog v3	2025-07-03T10:14:14.8677688Z be1f57adb53d: Download complete
TruffleHog Secret Scan	Run TruffleHog v3	2025-07-03T10:14:15.0118572Z a308771bf1d8: Pull complete
TruffleHog Secret Scan	Run TruffleHog v3	2025-07-03T10:14:15.0249490Z 4f4fb700ef54: Pull complete
TruffleHog Secret Scan	Run TruffleHog v3	2025-07-03T10:14:15.2395090Z be1f57adb53d: Pull complete
TruffleHog Secret Scan	Run TruffleHog v3	2025-07-03T10:14:15.2493158Z 7fb20409f32b: Pull complete
TruffleHog Secret Scan	Run TruffleHog v3	2025-07-03T10:14:15.2632009Z Digest: sha256:e6d0180c4fce66c6bb18b4b08ad1eab3eb6024e57034a1f0efc91e571adda4a2
TruffleHog Secret Scan	Run TruffleHog v3	2025-07-03T10:14:15.2646177Z Status: Downloaded newer image for ghcr.io/trufflesecurity/trufflehog:latest
TruffleHog Secret Scan	Run TruffleHog v3	2025-07-03T10:14:16.4654406Z trufflehog: error: flag 'fail' cannot be repeated, try --help
TruffleHog Secret Scan	Run TruffleHog v3	2025-07-03T10:14:16.5359519Z ##[error]Process completed with exit code 1.
